<?xml version="1.0" encoding="UTF-8"?>
<!-- Generated by org.testng.reporters.JUnitReportReporter -->
<testsuite hostname="USERMIC-RDKM54R" failures="0" tests="1" name="Group001.HomeCredit.NewCustomerCreated" time="30.946" errors="0" timestamp="11 Mar 2019 18:37:32 GMT" skipped="0">
  <testcase classname="Group001.HomeCredit.NewCustomerCreated" name="main" time="30.946"/>
</testsuite> <!-- Group001.HomeCredit.NewCustomerCreated -->
